Build started 12/2/2016 5:10:26 PM.
     1>Project "C:\Users\Sheesh_Woo\Desktop\Cavestory_Project\CaveStory\CaveStory\CaveStory.vcxproj" on node 2 (Build target(s)).
     1>ClCompile:
         C:\Program Files (x86)\Microsoft Visual Studio 12.0\VC\bin\CL.exe /c /IG:\School\Wayne_State\Cavestory_Project\CaveStory\CaveStory /ZI /nologo /W3 /WX- /sdl /Od /Oy- /D _MBCS /Gm /EHsc /RTC1 /MDd /GS /fp:precise /Zc:wchar_t /Zc:forScope /Fo"Debug\\" /Fd"Debug\vc120.pdb" /Gd /TP /analyze- /errorReport:prompt Player.cpp game.cpp main.cpp
         game.cpp
     1>c:\users\sheesh_woo\desktop\cavestory_project\cavestory\cavestory\game.cpp(92): warning C4244: 'argument' : conversion from 'const int' to 'float', possible loss of data
     1>c:\users\sheesh_woo\desktop\cavestory_project\cavestory\cavestory\game.cpp(114): warning C4244: 'argument' : conversion from 'float' to 'int', possible loss of data
         Player.cpp
     1>c:\users\sheesh_woo\desktop\cavestory_project\cavestory\cavestory\player.cpp(17): warning C4244: 'argument' : conversion from 'int' to 'float', possible loss of data
     1>c:\users\sheesh_woo\desktop\cavestory_project\cavestory\cavestory\player.cpp(71): warning C4018: '<' : signed/unsigned mismatch
     1>c:\users\sheesh_woo\desktop\cavestory_project\cavestory\cavestory\player.cpp(79): warning C4244: '=' : conversion from 'int' to 'float', possible loss of data
     1>c:\users\sheesh_woo\desktop\cavestory_project\cavestory\cavestory\player.cpp(86): warning C4244: '=' : conversion from 'int' to 'float', possible loss of data
     1>c:\users\sheesh_woo\desktop\cavestory_project\cavestory\cavestory\player.cpp(93): warning C4244: '=' : conversion from 'int' to 'float', possible loss of data
     1>c:\users\sheesh_woo\desktop\cavestory_project\cavestory\cavestory\player.cpp(96): warning C4244: '=' : conversion from 'int' to 'float', possible loss of data
     1>c:\users\sheesh_woo\desktop\cavestory_project\cavestory\cavestory\player.cpp(116): warning C4244: 'argument' : conversion from 'float' to 'int', possible loss of data
     1>c:\users\sheesh_woo\desktop\cavestory_project\cavestory\cavestory\player.cpp(121): warning C4244: 'argument' : conversion from 'float' to 'int', possible loss of data
         Generating Code...
         Skipping... (no relevant changes detected)
         main.cpp
       Link:
         C:\Program Files (x86)\Microsoft Visual Studio 12.0\VC\bin\link.exe /ERRORREPORT:PROMPT /OUT:"C:\Users\Sheesh_Woo\Desktop\Cavestory_Project\CaveStory\Debug\CaveStory.exe" /INCREMENTAL /NOLOGO SDL2.lib SDL2main.lib SDL2_image.lib kernel32.lib user32.lib gdi32.lib winspool.lib comdlg32.lib advapi32.lib shell32.lib ole32.lib oleaut32.lib uuid.lib odbc32.lib odbccp32.lib /MANIFEST /MANIFESTUAC:"level='asInvoker' uiAccess='false'" /manifest:embed /DEBUG /PDB:"C:\Users\Sheesh_Woo\Desktop\Cavestory_Project\CaveStory\Debug\CaveStory.pdb" /SUBSYSTEM:CONSOLE /TLBID:1 /DYNAMICBASE /NXCOMPAT /IMPLIB:"C:\Users\Sheesh_Woo\Desktop\Cavestory_Project\CaveStory\Debug\CaveStory.lib" /MACHINE:X86 Debug\animatedsprite.obj
         Debug\game.obj
         Debug\graphics.obj
         Debug\input.obj
         Debug\Level.obj
         Debug\main.obj
         Debug\Player.obj
         Debug\sprite.obj
         Debug\Tile.obj
         Debug\tinyxml2.obj
         CaveStory.vcxproj -> C:\Users\Sheesh_Woo\Desktop\Cavestory_Project\CaveStory\Debug\CaveStory.exe
     1>Done Building Project "C:\Users\Sheesh_Woo\Desktop\Cavestory_Project\CaveStory\CaveStory\CaveStory.vcxproj" (Build target(s)).

Build succeeded.

Time Elapsed 00:00:01.26
