c:\users\sheesh_woo\desktop\cavestory_project\cavestory\cavestory\debug\vc120.pdb
c:\users\sheesh_woo\desktop\cavestory_project\cavestory\cavestory\debug\vc120.idb
c:\users\sheesh_woo\desktop\cavestory_project\cavestory\cavestory\debug\animatedsprite.obj
c:\users\sheesh_woo\desktop\cavestory_project\cavestory\cavestory\debug\graphics.obj
c:\users\sheesh_woo\desktop\cavestory_project\cavestory\cavestory\debug\input.obj
c:\users\sheesh_woo\desktop\cavestory_project\cavestory\cavestory\debug\main.obj
c:\users\sheesh_woo\desktop\cavestory_project\cavestory\cavestory\debug\player.obj
c:\users\sheesh_woo\desktop\cavestory_project\cavestory\cavestory\debug\sprite.obj
c:\users\sheesh_woo\desktop\cavestory_project\cavestory\cavestory\debug\game.obj
c:\users\sheesh_woo\desktop\cavestory_project\cavestory\cavestory\debug\level.obj
c:\users\sheesh_woo\desktop\cavestory_project\cavestory\cavestory\debug\tinyxml2.obj
c:\users\sheesh_woo\desktop\cavestory_project\cavestory\cavestory\debug\tile.obj
c:\users\sheesh_woo\desktop\cavestory_project\cavestory\debug\cavestory.ilk
c:\users\sheesh_woo\desktop\cavestory_project\cavestory\debug\cavestory.exe
c:\users\sheesh_woo\desktop\cavestory_project\cavestory\debug\cavestory.pdb
c:\users\sheesh_woo\desktop\cavestory_project\cavestory\cavestory\debug\cavestory.tlog\cl.command.1.tlog
c:\users\sheesh_woo\desktop\cavestory_project\cavestory\cavestory\debug\cavestory.tlog\cl.read.1.tlog
c:\users\sheesh_woo\desktop\cavestory_project\cavestory\cavestory\debug\cavestory.tlog\cl.write.1.tlog
c:\users\sheesh_woo\desktop\cavestory_project\cavestory\cavestory\debug\cavestory.tlog\link.command.1.tlog
c:\users\sheesh_woo\desktop\cavestory_project\cavestory\cavestory\debug\cavestory.tlog\link.read.1.tlog
c:\users\sheesh_woo\desktop\cavestory_project\cavestory\cavestory\debug\cavestory.tlog\link.write.1.tlog
